Copyright 1986-2018 Xilinx, Inc. All Rights Reserved.
----------------------------------------------------------------------------------------
| Tool Version : Vivado v.2018.2 (win64) Build 2258646 Thu Jun 14 20:03:12 MDT 2018
| Date         : Tue Dec 27 20:31:46 2022
| Host         : LAPTOP-MBOG6SQF running 64-bit major release  (build 9200)
| Command      : report_control_sets -verbose -file ortakmodule_control_sets_placed.rpt
| Design       : ortakmodule
| Device       : xc7a100t
----------------------------------------------------------------------------------------

Control Set Information

Table of Contents
-----------------
1. Summary
2. Histogram
3. Flip-Flop Distribution
4. Detailed Control Set Information

1. Summary
----------

+----------------------------------------------------------+-------+
|                          Status                          | Count |
+----------------------------------------------------------+-------+
| Number of unique control sets                            |     4 |
| Unused register locations in slices containing registers |    18 |
+----------------------------------------------------------+-------+


2. Histogram
------------

+--------+--------------+
| Fanout | Control Sets |
+--------+--------------+
|      2 |            2 |
|     10 |            1 |
|    16+ |            1 |
+--------+--------------+


3. Flip-Flop Distribution
-------------------------

+--------------+-----------------------+------------------------+-----------------+--------------+
| Clock Enable | Synchronous Set/Reset | Asynchronous Set/Reset | Total Registers | Total Slices |
+--------------+-----------------------+------------------------+-----------------+--------------+
| No           | No                    | No                     |               4 |            2 |
| No           | No                    | Yes                    |              10 |            1 |
| No           | Yes                   | No                     |               0 |            0 |
| Yes          | No                    | No                     |               0 |            0 |
| Yes          | No                    | Yes                    |               0 |            0 |
| Yes          | Yes                   | No                     |              64 |            8 |
+--------------+-----------------------+------------------------+-----------------+--------------+


4. Detailed Control Set Information
-----------------------------------

+----------------------+---------------+----------------------------+------------------+----------------+
|     Clock Signal     | Enable Signal |      Set/Reset Signal      | Slice Load Count | Bel Load Count |
+----------------------+---------------+----------------------------+------------------+----------------+
|  counter/cnt_output  |               |                            |                1 |              2 |
|  CLK100MHZ_IBUF_BUFG |               |                            |                1 |              2 |
|  counter/cnt_output  |               | reset_IBUF                 |                1 |             10 |
|  CLK100MHZ_IBUF_BUFG | enable_IBUF   | counter/counter[0]_i_1_n_0 |                8 |             64 |
+----------------------+---------------+----------------------------+------------------+----------------+


