#-----------------------------------------------------------
# Vivado v2018.2 (64-bit)
# SW Build 2258646 on Thu Jun 14 20:03:12 MDT 2018
# IP Build 2256618 on Thu Jun 14 22:10:49 MDT 2018
# Start of session at: Wed Feb 14 14:35:29 2024
# Process ID: 47976
# Current directory: C:/Users/ayber/lab3
# Command line: vivado.exe -gui_launcher_event rodinguilauncherevent42768 C:\Users\ayber\lab3\lab3.xpr
# Log file: C:/Users/ayber/lab3/vivado.log
# Journal file: C:/Users/ayber/lab3\vivado.jou
#-----------------------------------------------------------
start_gui
open_project C:/Users/ayber/lab3/lab3.xpr
Scanning sources...
Finished scanning sources
INFO: [IP_Flow 19-234] Refreshing IP repositories
INFO: [IP_Flow 19-1704] No user IP repositories specified
INFO: [IP_Flow 19-2313] Loaded Vivado IP repository 'C:/Xilinx/Vivado/2018.2/data/ip'.
update_compile_order -fileset sources_1
exit
INFO: [Common 17-206] Exiting Vivado at Wed Feb 14 14:35:58 2024...
